<?xml version="1.0" encoding="UTF-8"?>
<!-- Generated by org.testng.reporters.JUnitReportReporter -->
<testsuite hostname="Vishal-PC" failures="0" tests="2" name="qaclickacademy.autosuggestivedropdowns" time="24.087" errors="0" timestamp="2019-11-08T22:47:54 IST" skipped="0">
  <testcase classname="qaclickacademy.autosuggestivedropdowns" name="Data" time="0.012"/>
  <testcase classname="qaclickacademy.autosuggestivedropdowns" name="dropdown" time="24.075"/>
</testsuite> <!-- qaclickacademy.autosuggestivedropdowns -->
