<?xml version="1.0" encoding="UTF-8"?>
<!-- Generated by org.testng.reporters.JUnitReportReporter -->
<testsuite skipped="0" hostname="Vishal-PC" name="qaclickacademy.mouseoverTest" tests="1" failures="0" timestamp="2019-11-10T22:08:01 IST" time="22.796" errors="0">
  <testcase name="mo" time="22.796" classname="qaclickacademy.mouseoverTest"/>
</testsuite> <!-- qaclickacademy.mouseoverTest -->
