<?xml version="1.0" encoding="UTF-8"?>
<!-- Generated by org.testng.reporters.JUnitReportReporter -->
<testsuite skipped="0" hostname="Vishal-PC" name="qaclickacademy.tablegridTest" tests="1" failures="0" timestamp="2019-11-10T22:08:01 IST" time="8.002" errors="0">
  <testcase name="tab" time="8.002" classname="qaclickacademy.tablegridTest"/>
</testsuite> <!-- qaclickacademy.tablegridTest -->
